<?xml version="1.0" encoding="UTF-8"?>
<testng-results ignored="0" total="1" passed="0" failed="0" skipped="1">
  <reporter-output>
  </reporter-output>
  <suite started-at="2020-02-26T18:14:43 IST" name="Default suite" finished-at="2020-02-26T18:14:47 IST" duration-ms="4197">
    <groups>
    </groups>
    <test started-at="2020-02-26T18:14:43 IST" name="Default test" finished-at="2020-02-26T18:14:47 IST" duration-ms="4197">
      <class name="com.actitime.test.CustomerModule">
        <test-method is-config="true" signature="openBrowser()[pri:0, instance:com.actitime.test.CustomerModule@147ed70f]" started-at="2020-02-26T18:14:43 IST" name="openBrowser" finished-at="2020-02-26T18:14:47 IST" duration-ms="4126" status="FAIL">
          <exception class="org.openqa.selenium.SessionNotCreatedException">
            <message>
              <![CDATA[session not created: This version of ChromeDriver only supports Chrome version 75
Build info: version: '3.141.59', revision: 'e82be7d358', time: '2018-11-14T08:25:53'
System info: host: 'DESKTOP-LV82ONI', ip: '192.168.1.9', os.name: 'Windows 10', os.arch: 'amd64', os.version: '10.0', java.version: '12'
Driver info: driver.version: ChromeDriver
remote stacktrace: Backtrace:
Ordinal0 [0x00C41B43+1448771]
Ordinal0 [0x00BC5A31+940593]
Ordinal0 [0x00B52293+467603]
Ordinal0 [0x00AEF27E+62078]
Ordinal0 [0x00AEBBBD+48061]
Ordinal0 [0x00B08D09+167177]
Ordinal0 [0x00B088DD+166109]
Ordinal0 [0x00B06FEB+159723]
Ordinal0 [0x00AF09F6+68086]
Ordinal0 [0x00AF1990+72080]
Ordinal0 [0x00AF1929+71977]
GetHandleVerifier [0x00D82E8C+1172172]
GetHandleVerifier [0x00CDFE55+504469]
GetHandleVerifier [0x00CDFBF0+503856]
Ordinal0 [0x00C4C9C8+1493448]
GetHandleVerifier [0x00CE062A+506474]
Ordinal0 [0x00BD7156+1012054]
Ordinal0 [0x00BD6FCF+1011663]
Ordinal0 [0x00BE135B+1053531]
Ordinal0 [0x00BE14C3+1053891]
Ordinal0 [0x00BE04F5+1049845]
BaseThreadInitThunk [0x765D6359+25]
RtlGetAppContainerNamedObjectPath [0x77067B74+228]
RtlGetAppContainerNamedObjectPath [0x77067B44+180]
]]>
            </message>
            <full-stacktrace>
              <![CDATA[org.openqa.selenium.SessionNotCreatedException: session not created: This version of ChromeDriver only supports Chrome version 75
Build info: version: '3.141.59', revision: 'e82be7d358', time: '2018-11-14T08:25:53'
System info: host: 'DESKTOP-LV82ONI', ip: '192.168.1.9', os.name: 'Windows 10', os.arch: 'amd64', os.version: '10.0', java.version: '12'
Driver info: driver.version: ChromeDriver
remote stacktrace: Backtrace:
Ordinal0 [0x00C41B43+1448771]
Ordinal0 [0x00BC5A31+940593]
Ordinal0 [0x00B52293+467603]
Ordinal0 [0x00AEF27E+62078]
Ordinal0 [0x00AEBBBD+48061]
Ordinal0 [0x00B08D09+167177]
Ordinal0 [0x00B088DD+166109]
Ordinal0 [0x00B06FEB+159723]
Ordinal0 [0x00AF09F6+68086]
Ordinal0 [0x00AF1990+72080]
Ordinal0 [0x00AF1929+71977]
GetHandleVerifier [0x00D82E8C+1172172]
GetHandleVerifier [0x00CDFE55+504469]
GetHandleVerifier [0x00CDFBF0+503856]
Ordinal0 [0x00C4C9C8+1493448]
GetHandleVerifier [0x00CE062A+506474]
Ordinal0 [0x00BD7156+1012054]
Ordinal0 [0x00BD6FCF+1011663]
Ordinal0 [0x00BE135B+1053531]
Ordinal0 [0x00BE14C3+1053891]
Ordinal0 [0x00BE04F5+1049845]
BaseThreadInitThunk [0x765D6359+25]
RtlGetAppContainerNamedObjectPath [0x77067B74+228]
RtlGetAppContainerNamedObjectPath [0x77067B44+180]

at java.base/jdk.internal.reflect.NativeConstructorAccessorImpl.newInstance0(Native Method)
at java.base/jdk.internal.reflect.NativeConstructorAccessorImpl.newInstance(NativeConstructorAccessorImpl.java:62)
at java.base/jdk.internal.reflect.DelegatingConstructorAccessorImpl.newInstance(DelegatingConstructorAccessorImpl.java:45)
at java.base/java.lang.reflect.Constructor.newInstanceWithCaller(Constructor.java:500)
at java.base/java.lang.reflect.Constructor.newInstance(Constructor.java:481)
at org.openqa.selenium.remote.W3CHandshakeResponse.lambda$errorHandler$0(W3CHandshakeResponse.java:62)
at org.openqa.selenium.remote.HandshakeResponse.lambda$getResponseFunction$0(HandshakeResponse.java:30)
at org.openqa.selenium.remote.ProtocolHandshake.lambda$createSession$0(ProtocolHandshake.java:126)
at java.base/java.util.stream.ReferencePipeline$3$1.accept(ReferencePipeline.java:195)
at java.base/java.util.Spliterators$ArraySpliterator.tryAdvance(Spliterators.java:958)
at java.base/java.util.stream.ReferencePipeline.forEachWithCancel(ReferencePipeline.java:127)
at java.base/java.util.stream.AbstractPipeline.copyIntoWithCancel(AbstractPipeline.java:502)
at java.base/java.util.stream.AbstractPipeline.copyInto(AbstractPipeline.java:488)
at java.base/java.util.stream.AbstractPipeline.wrapAndCopyInto(AbstractPipeline.java:474)
at java.base/java.util.stream.FindOps$FindOp.evaluateSequential(FindOps.java:150)
at java.base/java.util.stream.AbstractPipeline.evaluate(AbstractPipeline.java:234)
at java.base/java.util.stream.ReferencePipeline.findFirst(ReferencePipeline.java:543)
at org.openqa.selenium.remote.ProtocolHandshake.createSession(ProtocolHandshake.java:128)
at org.openqa.selenium.remote.ProtocolHandshake.createSession(ProtocolHandshake.java:74)
at org.openqa.selenium.remote.HttpCommandExecutor.execute(HttpCommandExecutor.java:136)
at org.openqa.selenium.remote.service.DriverCommandExecutor.execute(DriverCommandExecutor.java:83)
at org.openqa.selenium.remote.RemoteWebDriver.execute(RemoteWebDriver.java:552)
at org.openqa.selenium.remote.RemoteWebDriver.startSession(RemoteWebDriver.java:213)
at org.openqa.selenium.remote.RemoteWebDriver.<init>(RemoteWebDriver.java:131)
at org.openqa.selenium.chrome.ChromeDriver.<init>(ChromeDriver.java:181)
at org.openqa.selenium.chrome.ChromeDriver.<init>(ChromeDriver.java:168)
at org.openqa.selenium.chrome.ChromeDriver.<init>(ChromeDriver.java:123)
at com.actitime.generics.BaseClass.openBrowser(BaseClass.java:27)
at java.base/jdk.internal.reflect.NativeMethodAccessorImpl.invoke0(Native Method)
at java.base/jdk.internal.reflect.NativeMethodAccessorImpl.invoke(NativeMethodAccessorImpl.java:62)
at java.base/jdk.internal.reflect.DelegatingMethodAccessorImpl.invoke(DelegatingMethodAccessorImpl.java:43)
at java.base/java.lang.reflect.Method.invoke(Method.java:567)
at org.testng.internal.MethodInvocationHelper.invokeMethod(MethodInvocationHelper.java:133)
at org.testng.internal.MethodInvocationHelper.invokeMethodConsideringTimeout(MethodInvocationHelper.java:62)
at org.testng.internal.ConfigInvoker.invokeConfigurationMethod(ConfigInvoker.java:340)
at org.testng.internal.ConfigInvoker.invokeConfigurations(ConfigInvoker.java:294)
at org.testng.TestRunner.invokeTestConfigurations(TestRunner.java:623)
at org.testng.TestRunner.beforeRun(TestRunner.java:613)
at org.testng.TestRunner.run(TestRunner.java:584)
at org.testng.SuiteRunner.runTest(SuiteRunner.java:402)
at org.testng.SuiteRunner.runSequentially(SuiteRunner.java:396)
at org.testng.SuiteRunner.privateRun(SuiteRunner.java:355)
at org.testng.SuiteRunner.run(SuiteRunner.java:304)
at org.testng.SuiteRunnerWorker.runSuite(SuiteRunnerWorker.java:53)
at org.testng.SuiteRunnerWorker.run(SuiteRunnerWorker.java:96)
at org.testng.TestNG.runSuitesSequentially(TestNG.java:1180)
at org.testng.TestNG.runSuitesLocally(TestNG.java:1102)
at org.testng.TestNG.runSuites(TestNG.java:1032)
at org.testng.TestNG.run(TestNG.java:1000)
at org.testng.remote.AbstractRemoteTestNG.run(AbstractRemoteTestNG.java:115)
at org.testng.remote.RemoteTestNG.initAndRun(RemoteTestNG.java:251)
at org.testng.remote.RemoteTestNG.main(RemoteTestNG.java:77)
]]>
            </full-stacktrace>
          </exception> <!-- org.openqa.selenium.SessionNotCreatedException -->
          <reporter-output>
          </reporter-output>
        </test-method> <!-- openBrowser -->
        <test-method is-config="true" signature="login()[pri:0, instance:com.actitime.test.CustomerModule@147ed70f]" started-at="2020-02-26T18:14:47 IST" name="login" finished-at="1970-01-01T05:30:00 IST" duration-ms="-1582721087868" status="SKIP">
          <reporter-output>
          </reporter-output>
        </test-method> <!-- login -->
        <test-method signature="testCreateCustomer()[pri:0, instance:com.actitime.test.CustomerModule@147ed70f]" started-at="2020-02-26T18:14:47 IST" name="testCreateCustomer" finished-at="2020-02-26T18:14:47 IST" duration-ms="0" status="SKIP">
          <exception class="org.openqa.selenium.SessionNotCreatedException">
            <message>
              <![CDATA[session not created: This version of ChromeDriver only supports Chrome version 75
Build info: version: '3.141.59', revision: 'e82be7d358', time: '2018-11-14T08:25:53'
System info: host: 'DESKTOP-LV82ONI', ip: '192.168.1.9', os.name: 'Windows 10', os.arch: 'amd64', os.version: '10.0', java.version: '12'
Driver info: driver.version: ChromeDriver
remote stacktrace: Backtrace:
Ordinal0 [0x00C41B43+1448771]
Ordinal0 [0x00BC5A31+940593]
Ordinal0 [0x00B52293+467603]
Ordinal0 [0x00AEF27E+62078]
Ordinal0 [0x00AEBBBD+48061]
Ordinal0 [0x00B08D09+167177]
Ordinal0 [0x00B088DD+166109]
Ordinal0 [0x00B06FEB+159723]
Ordinal0 [0x00AF09F6+68086]
Ordinal0 [0x00AF1990+72080]
Ordinal0 [0x00AF1929+71977]
GetHandleVerifier [0x00D82E8C+1172172]
GetHandleVerifier [0x00CDFE55+504469]
GetHandleVerifier [0x00CDFBF0+503856]
Ordinal0 [0x00C4C9C8+1493448]
GetHandleVerifier [0x00CE062A+506474]
Ordinal0 [0x00BD7156+1012054]
Ordinal0 [0x00BD6FCF+1011663]
Ordinal0 [0x00BE135B+1053531]
Ordinal0 [0x00BE14C3+1053891]
Ordinal0 [0x00BE04F5+1049845]
BaseThreadInitThunk [0x765D6359+25]
RtlGetAppContainerNamedObjectPath [0x77067B74+228]
RtlGetAppContainerNamedObjectPath [0x77067B44+180]
]]>
            </message>
            <full-stacktrace>
              <![CDATA[org.openqa.selenium.SessionNotCreatedException: session not created: This version of ChromeDriver only supports Chrome version 75
Build info: version: '3.141.59', revision: 'e82be7d358', time: '2018-11-14T08:25:53'
System info: host: 'DESKTOP-LV82ONI', ip: '192.168.1.9', os.name: 'Windows 10', os.arch: 'amd64', os.version: '10.0', java.version: '12'
Driver info: driver.version: ChromeDriver
remote stacktrace: Backtrace:
Ordinal0 [0x00C41B43+1448771]
Ordinal0 [0x00BC5A31+940593]
Ordinal0 [0x00B52293+467603]
Ordinal0 [0x00AEF27E+62078]
Ordinal0 [0x00AEBBBD+48061]
Ordinal0 [0x00B08D09+167177]
Ordinal0 [0x00B088DD+166109]
Ordinal0 [0x00B06FEB+159723]
Ordinal0 [0x00AF09F6+68086]
Ordinal0 [0x00AF1990+72080]
Ordinal0 [0x00AF1929+71977]
GetHandleVerifier [0x00D82E8C+1172172]
GetHandleVerifier [0x00CDFE55+504469]
GetHandleVerifier [0x00CDFBF0+503856]
Ordinal0 [0x00C4C9C8+1493448]
GetHandleVerifier [0x00CE062A+506474]
Ordinal0 [0x00BD7156+1012054]
Ordinal0 [0x00BD6FCF+1011663]
Ordinal0 [0x00BE135B+1053531]
Ordinal0 [0x00BE14C3+1053891]
Ordinal0 [0x00BE04F5+1049845]
BaseThreadInitThunk [0x765D6359+25]
RtlGetAppContainerNamedObjectPath [0x77067B74+228]
RtlGetAppContainerNamedObjectPath [0x77067B44+180]

at java.base/jdk.internal.reflect.NativeConstructorAccessorImpl.newInstance0(Native Method)
at java.base/jdk.internal.reflect.NativeConstructorAccessorImpl.newInstance(NativeConstructorAccessorImpl.java:62)
at java.base/jdk.internal.reflect.DelegatingConstructorAccessorImpl.newInstance(DelegatingConstructorAccessorImpl.java:45)
at java.base/java.lang.reflect.Constructor.newInstanceWithCaller(Constructor.java:500)
at java.base/java.lang.reflect.Constructor.newInstance(Constructor.java:481)
at org.openqa.selenium.remote.W3CHandshakeResponse.lambda$errorHandler$0(W3CHandshakeResponse.java:62)
at org.openqa.selenium.remote.HandshakeResponse.lambda$getResponseFunction$0(HandshakeResponse.java:30)
at org.openqa.selenium.remote.ProtocolHandshake.lambda$createSession$0(ProtocolHandshake.java:126)
at java.base/java.util.stream.ReferencePipeline$3$1.accept(ReferencePipeline.java:195)
at java.base/java.util.Spliterators$ArraySpliterator.tryAdvance(Spliterators.java:958)
at java.base/java.util.stream.ReferencePipeline.forEachWithCancel(ReferencePipeline.java:127)
at java.base/java.util.stream.AbstractPipeline.copyIntoWithCancel(AbstractPipeline.java:502)
at java.base/java.util.stream.AbstractPipeline.copyInto(AbstractPipeline.java:488)
at java.base/java.util.stream.AbstractPipeline.wrapAndCopyInto(AbstractPipeline.java:474)
at java.base/java.util.stream.FindOps$FindOp.evaluateSequential(FindOps.java:150)
at java.base/java.util.stream.AbstractPipeline.evaluate(AbstractPipeline.java:234)
at java.base/java.util.stream.ReferencePipeline.findFirst(ReferencePipeline.java:543)
at org.openqa.selenium.remote.ProtocolHandshake.createSession(ProtocolHandshake.java:128)
at org.openqa.selenium.remote.ProtocolHandshake.createSession(ProtocolHandshake.java:74)
at org.openqa.selenium.remote.HttpCommandExecutor.execute(HttpCommandExecutor.java:136)
at org.openqa.selenium.remote.service.DriverCommandExecutor.execute(DriverCommandExecutor.java:83)
at org.openqa.selenium.remote.RemoteWebDriver.execute(RemoteWebDriver.java:552)
at org.openqa.selenium.remote.RemoteWebDriver.startSession(RemoteWebDriver.java:213)
at org.openqa.selenium.remote.RemoteWebDriver.<init>(RemoteWebDriver.java:131)
at org.openqa.selenium.chrome.ChromeDriver.<init>(ChromeDriver.java:181)
at org.openqa.selenium.chrome.ChromeDriver.<init>(ChromeDriver.java:168)
at org.openqa.selenium.chrome.ChromeDriver.<init>(ChromeDriver.java:123)
at com.actitime.generics.BaseClass.openBrowser(BaseClass.java:27)
at java.base/jdk.internal.reflect.NativeMethodAccessorImpl.invoke0(Native Method)
at java.base/jdk.internal.reflect.NativeMethodAccessorImpl.invoke(NativeMethodAccessorImpl.java:62)
at java.base/jdk.internal.reflect.DelegatingMethodAccessorImpl.invoke(DelegatingMethodAccessorImpl.java:43)
at java.base/java.lang.reflect.Method.invoke(Method.java:567)
at org.testng.internal.MethodInvocationHelper.invokeMethod(MethodInvocationHelper.java:133)
at org.testng.internal.MethodInvocationHelper.invokeMethodConsideringTimeout(MethodInvocationHelper.java:62)
at org.testng.internal.ConfigInvoker.invokeConfigurationMethod(ConfigInvoker.java:340)
at org.testng.internal.ConfigInvoker.invokeConfigurations(ConfigInvoker.java:294)
at org.testng.TestRunner.invokeTestConfigurations(TestRunner.java:623)
at org.testng.TestRunner.beforeRun(TestRunner.java:613)
at org.testng.TestRunner.run(TestRunner.java:584)
at org.testng.SuiteRunner.runTest(SuiteRunner.java:402)
at org.testng.SuiteRunner.runSequentially(SuiteRunner.java:396)
at org.testng.SuiteRunner.privateRun(SuiteRunner.java:355)
at org.testng.SuiteRunner.run(SuiteRunner.java:304)
at org.testng.SuiteRunnerWorker.runSuite(SuiteRunnerWorker.java:53)
at org.testng.SuiteRunnerWorker.run(SuiteRunnerWorker.java:96)
at org.testng.TestNG.runSuitesSequentially(TestNG.java:1180)
at org.testng.TestNG.runSuitesLocally(TestNG.java:1102)
at org.testng.TestNG.runSuites(TestNG.java:1032)
at org.testng.TestNG.run(TestNG.java:1000)
at org.testng.remote.AbstractRemoteTestNG.run(AbstractRemoteTestNG.java:115)
at org.testng.remote.RemoteTestNG.initAndRun(RemoteTestNG.java:251)
at org.testng.remote.RemoteTestNG.main(RemoteTestNG.java:77)
]]>
            </full-stacktrace>
          </exception> <!-- org.openqa.selenium.SessionNotCreatedException -->
          <reporter-output>
          </reporter-output>
        </test-method> <!-- testCreateCustomer -->
        <test-method is-config="true" signature="logout()[pri:0, instance:com.actitime.test.CustomerModule@147ed70f]" started-at="2020-02-26T18:14:47 IST" name="logout" finished-at="1970-01-01T05:30:00 IST" duration-ms="-1582721087881" status="SKIP">
          <reporter-output>
          </reporter-output>
        </test-method> <!-- logout -->
        <test-method is-config="true" signature="closeBrowser()[pri:0, instance:com.actitime.test.CustomerModule@147ed70f]" started-at="2020-02-26T18:14:47 IST" name="closeBrowser" finished-at="1970-01-01T05:30:00 IST" duration-ms="-1582721087888" status="SKIP">
          <reporter-output>
          </reporter-output>
        </test-method> <!-- closeBrowser -->
      </class> <!-- com.actitime.test.CustomerModule -->
    </test> <!-- Default test -->
  </suite> <!-- Default suite -->
</testng-results>
